<?xml version="1.0" encoding="UTF-8"?>
<!-- Generated by org.testng.reporters.JUnitReportReporter -->
<testsuite skipped="0" hostname="BRPC444" name="com.dokkio.ui.testcases.QAJobDisplayTest" tests="4" failures="0" timestamp="28 Aug 2017 18:29:54 GMT" time="0.585" errors="0">
  <testcase name="SRFSEntineerShownByDefaultTest" time="0.137" classname="com.dokkio.ui.testcases.QAJobDisplayTest"/>
  <testcase name="SRFSEntineerShownByDefaultTest" time="0.148" classname="com.dokkio.ui.testcases.QAJobDisplayTest"/>
  <testcase name="QAJobDisplayedAfterButtonClickedTest" time="0.135" classname="com.dokkio.ui.testcases.QAJobDisplayTest"/>
  <testcase name="QAJobDisplayedAfterButtonClickedTest" time="0.165" classname="com.dokkio.ui.testcases.QAJobDisplayTest"/>
</testsuite> <!-- com.dokkio.ui.testcases.QAJobDisplayTest -->
