<?xml version="1.0" encoding="UTF-8"?>
<!-- Generated by org.testng.reporters.JUnitReportReporter -->
<testsuite skipped="0" hostname="BRPC444" name="com.dokkio.ui.testcases.QAJobDisplayTest" tests="4" failures="0" timestamp="28 Aug 2017 05:15:08 GMT" time="2.142" errors="0">
  <testcase name="SRFSEntineerShownByDefaultTest" time="0.433" classname="com.dokkio.ui.testcases.QAJobDisplayTest"/>
  <testcase name="SRFSEntineerShownByDefaultTest" time="0.271" classname="com.dokkio.ui.testcases.QAJobDisplayTest"/>
  <testcase name="QAJobDisplayedAfterButtonClickedTest" time="0.838" classname="com.dokkio.ui.testcases.QAJobDisplayTest"/>
  <testcase name="QAJobDisplayedAfterButtonClickedTest" time="0.600" classname="com.dokkio.ui.testcases.QAJobDisplayTest"/>
</testsuite> <!-- com.dokkio.ui.testcases.QAJobDisplayTest -->
